android/app/build/intermediates/manifest_merge_blame_file/release/manifest-merger-blame-release-report.txt
1<?xml version="1.0" encoding="utf-8"?>
2<manifest xmlns:android="http://schemas.android.com/apk/res/android"
3    package="com.reactnativetemplate"
4    android:versionCode="1"
5    android:versionName="1.0" >
6
7    <uses-sdk
8        android:minSdkVersion="21"
8-->src/main/AndroidManifest.xml
9        android:targetSdkVersion="33" />
9-->src/main/AndroidManifest.xml
10
11    <uses-permission android:name="android.permission.INTERNET" />
11-->src/main/AndroidManifest.xml:3:5-67
11-->src/main/AndroidManifest.xml:3:22-64
12    <uses-permission android:name="android.permission.ACCESS_NETWORK_STATE" />
12-->[:react-native-community_netinfo] AndroidManifest.xml:7:5-79
12-->[:react-native-community_netinfo] AndroidManifest.xml:7:22-76
13    <uses-permission android:name="android.permission.ACCESS_WIFI_STATE" /> <!-- Required by older versions of Google Play services to create IID tokens -->
13-->[:react-native-community_netinfo] AndroidManifest.xml:8:5-76
13-->[:react-native-community_netinfo] AndroidManifest.xml:8:22-73
14    <uses-permission android:name="com.google.android.c2dm.permission.RECEIVE" />
14-->[com.google.android.gms:play-services-iid:17.0.0] AndroidManifest.xml:23:5-82
14-->[com.google.android.gms:play-services-iid:17.0.0] AndroidManifest.xml:23:22-79
15    <uses-permission android:name="com.google.android.finsky.permission.BIND_GET_INSTALL_REFERRER_SERVICE" />
15-->[com.android.installreferrer:installreferrer:1.1.2] AndroidManifest.xml:9:5-110
15-->[com.android.installreferrer:installreferrer:1.1.2] AndroidManifest.xml:9:22-107
16
17    <application
17-->src/main/AndroidManifest.xml:5:5-24:19
18        android:name="com.reactnativetemplate.MainApplication"
18-->src/main/AndroidManifest.xml:6:7-38
19        android:allowBackup="false"
19-->src/main/AndroidManifest.xml:10:7-34
20        android:appComponentFactory="androidx.core.app.CoreComponentFactory"
20-->[androidx.core:core:1.8.0] AndroidManifest.xml:24:18-86
21        android:icon="@mipmap/ic_launcher"
21-->src/main/AndroidManifest.xml:8:7-41
22        android:label="@string/app_name"
22-->src/main/AndroidManifest.xml:7:7-39
23        android:roundIcon="@mipmap/ic_launcher_round"
23-->src/main/AndroidManifest.xml:9:7-52
24        android:theme="@style/AppTheme" >
24-->src/main/AndroidManifest.xml:11:7-38
25        <activity
25-->src/main/AndroidManifest.xml:12:7-23:18
26            android:name="com.reactnativetemplate.MainActivity"
26-->src/main/AndroidManifest.xml:13:9-37
27            android:configChanges="keyboard|keyboardHidden|orientation|screenLayout|screenSize|smallestScreenSize|uiMode"
27-->src/main/AndroidManifest.xml:15:9-118
28            android:exported="true"
28-->src/main/AndroidManifest.xml:18:9-32
29            android:label="@string/app_name"
29-->src/main/AndroidManifest.xml:14:9-41
30            android:launchMode="singleTask"
30-->src/main/AndroidManifest.xml:16:9-40
31            android:windowSoftInputMode="adjustResize" >
31-->src/main/AndroidManifest.xml:17:9-51
32            <intent-filter>
32-->src/main/AndroidManifest.xml:19:9-22:25
33                <action android:name="android.intent.action.MAIN" />
33-->src/main/AndroidManifest.xml:20:13-65
33-->src/main/AndroidManifest.xml:20:21-62
34
35                <category android:name="android.intent.category.LAUNCHER" />
35-->src/main/AndroidManifest.xml:21:13-73
35-->src/main/AndroidManifest.xml:21:23-70
36            </intent-filter>
37        </activity>
38        <activity android:name="com.masteratul.exceptionhandler.DefaultErrorScreen" >
38-->[:react-native-exception-handler] AndroidManifest.xml:8:9-9:20
38-->[:react-native-exception-handler] AndroidManifest.xml:8:19-84
39        </activity>
40
41        <provider
41-->[:react-native-webview] AndroidManifest.xml:8:9-16:20
42            android:name="com.reactnativecommunity.webview.RNCWebViewFileProvider"
42-->[:react-native-webview] AndroidManifest.xml:9:13-83
43            android:authorities="com.reactnativetemplate.fileprovider"
43-->[:react-native-webview] AndroidManifest.xml:10:13-64
44            android:exported="false"
44-->[:react-native-webview] AndroidManifest.xml:11:13-37
45            android:grantUriPermissions="true" >
45-->[:react-native-webview] AndroidManifest.xml:12:13-47
46            <meta-data
46-->[:react-native-webview] AndroidManifest.xml:13:13-15:63
47                android:name="android.support.FILE_PROVIDER_PATHS"
47-->[:react-native-webview] AndroidManifest.xml:14:17-67
48                android:resource="@xml/file_provider_paths" />
48-->[:react-native-webview] AndroidManifest.xml:15:17-60
49        </provider>
50
51        <activity
51-->[com.google.android.gms:play-services-base:17.0.0] AndroidManifest.xml:23:9-26:75
52            android:name="com.google.android.gms.common.api.GoogleApiActivity"
52-->[com.google.android.gms:play-services-base:17.0.0] AndroidManifest.xml:24:13-79
53            android:exported="false"
53-->[com.google.android.gms:play-services-base:17.0.0] AndroidManifest.xml:25:13-37
54            android:theme="@android:style/Theme.Translucent.NoTitleBar" />
54-->[com.google.android.gms:play-services-base:17.0.0] AndroidManifest.xml:26:13-72
55
56        <meta-data
56-->[com.google.android.gms:play-services-basement:17.0.0] AndroidManifest.xml:23:9-25:69
57            android:name="com.google.android.gms.version"
57-->[com.google.android.gms:play-services-basement:17.0.0] AndroidManifest.xml:24:13-58
58            android:value="@integer/google_play_services_version" />
58-->[com.google.android.gms:play-services-basement:17.0.0] AndroidManifest.xml:25:13-66
59
60        <provider
60-->[androidx.emoji2:emoji2:1.2.0] AndroidManifest.xml:24:9-32:20
61            android:name="androidx.startup.InitializationProvider"
61-->[androidx.emoji2:emoji2:1.2.0] AndroidManifest.xml:25:13-67
62            android:authorities="com.reactnativetemplate.androidx-startup"
62-->[androidx.emoji2:emoji2:1.2.0] AndroidManifest.xml:26:13-68
63            android:exported="false" >
63-->[androidx.emoji2:emoji2:1.2.0] AndroidManifest.xml:27:13-37
64            <meta-data
64-->[androidx.emoji2:emoji2:1.2.0] AndroidManifest.xml:29:13-31:52
65                android:name="androidx.emoji2.text.EmojiCompatInitializer"
65-->[androidx.emoji2:emoji2:1.2.0] AndroidManifest.xml:30:17-75
66                android:value="androidx.startup" />
66-->[androidx.emoji2:emoji2:1.2.0] AndroidManifest.xml:31:17-49
67            <meta-data
67-->[androidx.lifecycle:lifecycle-process:2.4.1] AndroidManifest.xml:31:13-33:52
68                android:name="androidx.lifecycle.ProcessLifecycleInitializer"
68-->[androidx.lifecycle:lifecycle-process:2.4.1] AndroidManifest.xml:32:17-78
69                android:value="androidx.startup" />
69-->[androidx.lifecycle:lifecycle-process:2.4.1] AndroidManifest.xml:33:17-49
70        </provider>
71
72        <meta-data
72-->[com.facebook.soloader:soloader:0.10.5] AndroidManifest.xml:12:9-14:37
73            android:name="com.facebook.soloader.enabled"
73-->[com.facebook.soloader:soloader:0.10.5] AndroidManifest.xml:13:13-57
74            android:value="false" />
74-->[com.facebook.soloader:soloader:0.10.5] AndroidManifest.xml:14:13-34
75
76        <activity
76-->[com.jakewharton:process-phoenix:2.1.2] AndroidManifest.xml:8:9-12:75
77            android:name="com.jakewharton.processphoenix.ProcessPhoenix"
77-->[com.jakewharton:process-phoenix:2.1.2] AndroidManifest.xml:9:13-73
78            android:exported="false"
78-->[com.jakewharton:process-phoenix:2.1.2] AndroidManifest.xml:10:13-37
79            android:process=":phoenix"
79-->[com.jakewharton:process-phoenix:2.1.2] AndroidManifest.xml:11:13-39
80            android:theme="@android:style/Theme.Translucent.NoTitleBar" />
80-->[com.jakewharton:process-phoenix:2.1.2] AndroidManifest.xml:12:13-72
81    </application>
82
83</manifest>